This is pdfTeX, Version 3.141592653-2.6-1.40.28 (TeX Live 2025) (preloaded format=pdflatex 2025.6.13)  16 JUN 2025 14:53
entering extended mode
 restricted \write18 enabled.
 %&-line parsing enabled.
**paper_R2_marked.tex
(./paper_R2_marked.tex
LaTeX2e <2025-06-01> patch level 1
L3 programming layer <2025-05-26>
(c:/Users/timothy.j.miller/AppData/Roaming/TinyTeX/texmf-dist/tex/latex/base/article.cls
Document Class: article 2025/01/22 v1.4n Standard LaTeX document class
(c:/Users/timothy.j.miller/AppData/Roaming/TinyTeX/texmf-dist/tex/latex/base/size10.clo
File: size10.clo 2025/01/22 v1.4n Standard LaTeX file (size option)
)
\c@part=\count275
\c@section=\count276
\c@subsection=\count277
\c@subsubsection=\count278
\c@paragraph=\count279
\c@subparagraph=\count280
\c@figure=\count281
\c@table=\count282
\abovecaptionskip=\skip49
\belowcaptionskip=\skip50
\bibindent=\dimen148
) (c:/Users/timothy.j.miller/AppData/Roaming/TinyTeX/texmf-dist/tex/latex/amsmath/amsmath.sty
Package: amsmath 2025/05/18 v2.17x AMS math features
\@mathmargin=\skip51

For additional information on amsmath, use the `?' option.
(c:/Users/timothy.j.miller/AppData/Roaming/TinyTeX/texmf-dist/tex/latex/amsmath/amstext.sty
Package: amstext 2024/11/17 v2.01 AMS text
 (c:/Users/timothy.j.miller/AppData/Roaming/TinyTeX/texmf-dist/tex/latex/amsmath/amsgen.sty
File: amsgen.sty 1999/11/30 v2.0 generic functions
\@emptytoks=\toks17
\ex@=\dimen149
)) (c:/Users/timothy.j.miller/AppData/Roaming/TinyTeX/texmf-dist/tex/latex/amsmath/amsbsy.sty
Package: amsbsy 1999/11/29 v1.2d Bold Symbols
\pmbraise@=\dimen150
) (c:/Users/timothy.j.miller/AppData/Roaming/TinyTeX/texmf-dist/tex/latex/amsmath/amsopn.sty
Package: amsopn 2022/04/08 v2.04 operator names
)
\inf@bad=\count283
LaTeX Info: Redefining \frac on input line 233.
\uproot@=\count284
\leftroot@=\count285
LaTeX Info: Redefining \overline on input line 398.
LaTeX Info: Redefining \colon on input line 409.
\classnum@=\count286
\DOTSCASE@=\count287
LaTeX Info: Redefining \ldots on input line 495.
LaTeX Info: Redefining \dots on input line 498.
LaTeX Info: Redefining \cdots on input line 619.
\Mathstrutbox@=\box53
\strutbox@=\box54
LaTeX Info: Redefining \big on input line 721.
LaTeX Info: Redefining \Big on input line 722.
LaTeX Info: Redefining \bigg on input line 723.
LaTeX Info: Redefining \Bigg on input line 724.
\big@size=\dimen151
LaTeX Font Info:    Redeclaring font encoding OML on input line 742.
LaTeX Font Info:    Redeclaring font encoding OMS on input line 743.
\macc@depth=\count288
LaTeX Info: Redefining \bmod on input line 904.
LaTeX Info: Redefining \pmod on input line 909.
LaTeX Info: Redefining \smash on input line 939.
LaTeX Info: Redefining \relbar on input line 969.
LaTeX Info: Redefining \Relbar on input line 970.
\c@MaxMatrixCols=\count289
\dotsspace@=\muskip17
\c@parentequation=\count290
\dspbrk@lvl=\count291
\tag@help=\toks18
\row@=\count292
\column@=\count293
\maxfields@=\count294
\andhelp@=\toks19
\eqnshift@=\dimen152
\alignsep@=\dimen153
\tagshift@=\dimen154
\tagwidth@=\dimen155
\totwidth@=\dimen156
\lineht@=\dimen157
\@envbody=\toks20
\multlinegap=\skip52
\multlinetaggap=\skip53
\mathdisplay@stack=\toks21
LaTeX Info: Redefining \[ on input line 2949.
LaTeX Info: Redefining \] on input line 2950.
) (c:/Users/timothy.j.miller/AppData/Roaming/TinyTeX/texmf-dist/tex/latex/amsfonts/amssymb.sty
Package: amssymb 2013/01/14 v3.01 AMS font symbols
 (c:/Users/timothy.j.miller/AppData/Roaming/TinyTeX/texmf-dist/tex/latex/amsfonts/amsfonts.sty
Package: amsfonts 2013/01/14 v3.01 Basic AMSFonts support
\symAMSa=\mathgroup4
\symAMSb=\mathgroup5
LaTeX Font Info:    Redeclaring math symbol \hbar on input line 98.
LaTeX Font Info:    Overwriting math alphabet `\mathfrak' in version `bold'
(Font)                  U/euf/m/n --> U/euf/b/n on input line 106.
)) (c:/Users/timothy.j.miller/AppData/Roaming/TinyTeX/texmf-dist/tex/latex/lm/lmodern.sty
Package: lmodern 2015/05/01 v1.6.1 Latin Modern Fonts
LaTeX Font Info:    Overwriting symbol font `operators' in version `normal'
(Font)                  OT1/cmr/m/n --> OT1/lmr/m/n on input line 22.
LaTeX Font Info:    Overwriting symbol font `letters' in version `normal'
(Font)                  OML/cmm/m/it --> OML/lmm/m/it on input line 23.
LaTeX Font Info:    Overwriting symbol font `symbols' in version `normal'
(Font)                  OMS/cmsy/m/n --> OMS/lmsy/m/n on input line 24.
LaTeX Font Info:    Overwriting symbol font `largesymbols' in version `normal'
(Font)                  OMX/cmex/m/n --> OMX/lmex/m/n on input line 25.
LaTeX Font Info:    Overwriting symbol font `operators' in version `bold'
(Font)                  OT1/cmr/bx/n --> OT1/lmr/bx/n on input line 26.
LaTeX Font Info:    Overwriting symbol font `letters' in version `bold'
(Font)                  OML/cmm/b/it --> OML/lmm/b/it on input line 27.
LaTeX Font Info:    Overwriting symbol font `symbols' in version `bold'
(Font)                  OMS/cmsy/b/n --> OMS/lmsy/b/n on input line 28.
LaTeX Font Info:    Overwriting symbol font `largesymbols' in version `bold'
(Font)                  OMX/cmex/m/n --> OMX/lmex/m/n on input line 29.
LaTeX Font Info:    Overwriting math alphabet `\mathbf' in version `normal'
(Font)                  OT1/cmr/bx/n --> OT1/lmr/bx/n on input line 31.
LaTeX Font Info:    Overwriting math alphabet `\mathsf' in version `normal'
(Font)                  OT1/cmss/m/n --> OT1/lmss/m/n on input line 32.
LaTeX Font Info:    Overwriting math alphabet `\mathit' in version `normal'
(Font)                  OT1/cmr/m/it --> OT1/lmr/m/it on input line 33.
LaTeX Font Info:    Overwriting math alphabet `\mathtt' in version `normal'
(Font)                  OT1/cmtt/m/n --> OT1/lmtt/m/n on input line 34.
LaTeX Font Info:    Overwriting math alphabet `\mathbf' in version `bold'
(Font)                  OT1/cmr/bx/n --> OT1/lmr/bx/n on input line 35.
LaTeX Font Info:    Overwriting math alphabet `\mathsf' in version `bold'
(Font)                  OT1/cmss/bx/n --> OT1/lmss/bx/n on input line 36.
LaTeX Font Info:    Overwriting math alphabet `\mathit' in version `bold'
(Font)                  OT1/cmr/bx/it --> OT1/lmr/bx/it on input line 37.
LaTeX Font Info:    Overwriting math alphabet `\mathtt' in version `bold'
(Font)                  OT1/cmtt/m/n --> OT1/lmtt/m/n on input line 38.
) (c:/Users/timothy.j.miller/AppData/Roaming/TinyTeX/texmf-dist/tex/generic/iftex/iftex.sty
Package: iftex 2024/12/12 v1.0g TeX engine tests
) (c:/Users/timothy.j.miller/AppData/Roaming/TinyTeX/texmf-dist/tex/latex/base/fontenc.sty
Package: fontenc 2024/12/21 v2.1c Standard LaTeX package
LaTeX Font Info:    Trying to load font information for T1+lmr on input line 116.
 (c:/Users/timothy.j.miller/AppData/Roaming/TinyTeX/texmf-dist/tex/latex/lm/t1lmr.fd
File: t1lmr.fd 2015/05/01 v1.6.1 Font defs for Latin Modern
)) (c:/Users/timothy.j.miller/AppData/Roaming/TinyTeX/texmf-dist/tex/latex/base/inputenc.sty
Package: inputenc 2024/02/08 v1.3d Input encoding file
\inpenc@prehook=\toks22
\inpenc@posthook=\toks23
) (c:/Users/timothy.j.miller/AppData/Roaming/TinyTeX/texmf-dist/tex/latex/base/textcomp.sty
Package: textcomp 2024/04/24 v2.1b Standard LaTeX package
) (c:/Users/timothy.j.miller/AppData/Roaming/TinyTeX/texmf-dist/tex/latex/xcolor/xcolor.sty
Package: xcolor 2024/09/29 v3.02 LaTeX color extensions (UK)
 (c:/Users/timothy.j.miller/AppData/Roaming/TinyTeX/texmf-dist/tex/latex/graphics-cfg/color.cfg
File: color.cfg 2016/01/02 v1.6 sample color configuration
)
Package xcolor Info: Driver file: pdftex.def on input line 274.
 (c:/Users/timothy.j.miller/AppData/Roaming/TinyTeX/texmf-dist/tex/latex/graphics-def/pdftex.def
File: pdftex.def 2024/04/13 v1.2c Graphics/color driver for pdftex
) (c:/Users/timothy.j.miller/AppData/Roaming/TinyTeX/texmf-dist/tex/latex/graphics/mathcolor.ltx)
Package xcolor Info: Model `cmy' substituted by `cmy0' on input line 1349.
Package xcolor Info: Model `hsb' substituted by `rgb' on input line 1353.
Package xcolor Info: Model `RGB' extended on input line 1365.
Package xcolor Info: Model `HTML' substituted by `rgb' on input line 1367.
Package xcolor Info: Model `Hsb' substituted by `hsb' on input line 1368.
Package xcolor Info: Model `tHsb' substituted by `hsb' on input line 1369.
Package xcolor Info: Model `HSB' substituted by `hsb' on input line 1370.
Package xcolor Info: Model `Gray' substituted by `gray' on input line 1371.
Package xcolor Info: Model `wave' substituted by `hsb' on input line 1372.
) (c:/Users/timothy.j.miller/AppData/Roaming/TinyTeX/texmf-dist/tex/latex/bookmark/bookmark.sty
Package: bookmark 2023-12-10 v1.31 PDF bookmarks (HO)
 (c:/Users/timothy.j.miller/AppData/Roaming/TinyTeX/texmf-dist/tex/latex/hyperref/hyperref.sty
Package: hyperref 2025-05-20 v7.01m Hypertext links for LaTeX
 (c:/Users/timothy.j.miller/AppData/Roaming/TinyTeX/texmf-dist/tex/latex/graphics/keyval.sty
Package: keyval 2022/05/29 v1.15 key=value parser (DPC)
\KV@toks@=\toks24
) (c:/Users/timothy.j.miller/AppData/Roaming/TinyTeX/texmf-dist/tex/latex/kvsetkeys/kvsetkeys.sty
Package: kvsetkeys 2022-10-05 v1.19 Key value parser (HO)
) (c:/Users/timothy.j.miller/AppData/Roaming/TinyTeX/texmf-dist/tex/generic/kvdefinekeys/kvdefinekeys.sty
Package: kvdefinekeys 2019-12-19 v1.6 Define keys (HO)
) (c:/Users/timothy.j.miller/AppData/Roaming/TinyTeX/texmf-dist/tex/generic/pdfescape/pdfescape.sty
Package: pdfescape 2019/12/09 v1.15 Implements pdfTeX's escape features (HO)
 (c:/Users/timothy.j.miller/AppData/Roaming/TinyTeX/texmf-dist/tex/generic/ltxcmds/ltxcmds.sty
Package: ltxcmds 2023-12-04 v1.26 LaTeX kernel commands for general use (HO)
) (c:/Users/timothy.j.miller/AppData/Roaming/TinyTeX/texmf-dist/tex/generic/pdftexcmds/pdftexcmds.sty
Package: pdftexcmds 2020-06-27 v0.33 Utility functions of pdfTeX for LuaTeX (HO)
 (c:/Users/timothy.j.miller/AppData/Roaming/TinyTeX/texmf-dist/tex/generic/infwarerr/infwarerr.sty
Package: infwarerr 2019/12/03 v1.5 Providing info/warning/error messages (HO)
)
Package pdftexcmds Info: \pdf@primitive is available.
Package pdftexcmds Info: \pdf@ifprimitive is available.
Package pdftexcmds Info: \pdfdraftmode found.
)) (c:/Users/timothy.j.miller/AppData/Roaming/TinyTeX/texmf-dist/tex/latex/hycolor/hycolor.sty
Package: hycolor 2020-01-27 v1.10 Color options for hyperref/bookmark (HO)
) (c:/Users/timothy.j.miller/AppData/Roaming/TinyTeX/texmf-dist/tex/latex/hyperref/nameref.sty
Package: nameref 2023-11-26 v2.56 Cross-referencing by name of section
 (c:/Users/timothy.j.miller/AppData/Roaming/TinyTeX/texmf-dist/tex/latex/refcount/refcount.sty
Package: refcount 2019/12/15 v3.6 Data extraction from label references (HO)
) (c:/Users/timothy.j.miller/AppData/Roaming/TinyTeX/texmf-dist/tex/generic/gettitlestring/gettitlestring.sty
Package: gettitlestring 2019/12/15 v1.6 Cleanup title references (HO)
 (c:/Users/timothy.j.miller/AppData/Roaming/TinyTeX/texmf-dist/tex/latex/kvoptions/kvoptions.sty
Package: kvoptions 2022-06-15 v3.15 Key value format for package options (HO)
))
\c@section@level=\count295
) (c:/Users/timothy.j.miller/AppData/Roaming/TinyTeX/texmf-dist/tex/latex/etoolbox/etoolbox.sty
Package: etoolbox 2025/02/11 v2.5l e-TeX tools for LaTeX (JAW)
\etb@tempcnta=\count296
) (c:/Users/timothy.j.miller/AppData/Roaming/TinyTeX/texmf-dist/tex/generic/stringenc/stringenc.sty
Package: stringenc 2019/11/29 v1.12 Convert strings between diff. encodings (HO)
)
\@linkdim=\dimen158
\Hy@linkcounter=\count297
\Hy@pagecounter=\count298
 (c:/Users/timothy.j.miller/AppData/Roaming/TinyTeX/texmf-dist/tex/latex/hyperref/pd1enc.def
File: pd1enc.def 2025-05-20 v7.01m Hyperref: PDFDocEncoding definition (HO)
Now handling font encoding PD1 ...
... no UTF-8 mapping file for font encoding PD1
) (c:/Users/timothy.j.miller/AppData/Roaming/TinyTeX/texmf-dist/tex/generic/intcalc/intcalc.sty
Package: intcalc 2019/12/15 v1.3 Expandable calculations with integers (HO)
)
\Hy@SavedSpaceFactor=\count299
 (c:/Users/timothy.j.miller/AppData/Roaming/TinyTeX/texmf-dist/tex/latex/hyperref/puenc.def
File: puenc.def 2025-05-20 v7.01m Hyperref: PDF Unicode definition (HO)
Now handling font encoding PU ...
... no UTF-8 mapping file for font encoding PU
)
Package hyperref Info: Option `unicode' set `true' on input line 4040.
Package hyperref Info: Hyper figures OFF on input line 4157.
Package hyperref Info: Link nesting OFF on input line 4162.
Package hyperref Info: Hyper index ON on input line 4165.
Package hyperref Info: Plain pages OFF on input line 4172.
Package hyperref Info: Backreferencing OFF on input line 4177.
Package hyperref Info: Implicit mode ON; LaTeX internals redefined.
Package hyperref Info: Bookmarks ON on input line 4424.
\c@Hy@tempcnt=\count300
 (c:/Users/timothy.j.miller/AppData/Roaming/TinyTeX/texmf-dist/tex/latex/url/url.sty
\Urlmuskip=\muskip18
Package: url 2013/09/16  ver 3.4  Verb mode for urls, etc.
)
LaTeX Info: Redefining \url on input line 4763.
\XeTeXLinkMargin=\dimen159
 (c:/Users/timothy.j.miller/AppData/Roaming/TinyTeX/texmf-dist/tex/generic/bitset/bitset.sty
Package: bitset 2019/12/09 v1.3 Handle bit-vector datatype (HO)
 (c:/Users/timothy.j.miller/AppData/Roaming/TinyTeX/texmf-dist/tex/generic/bigintcalc/bigintcalc.sty
Package: bigintcalc 2019/12/15 v1.5 Expandable calculations on big integers (HO)
))
\Fld@menulength=\count301
\Field@Width=\dimen160
\Fld@charsize=\dimen161
Package hyperref Info: Hyper figures OFF on input line 6042.
Package hyperref Info: Link nesting OFF on input line 6047.
Package hyperref Info: Hyper index ON on input line 6050.
Package hyperref Info: backreferencing OFF on input line 6057.
Package hyperref Info: Link coloring OFF on input line 6062.
Package hyperref Info: Link coloring with OCG OFF on input line 6067.
Package hyperref Info: PDF/A mode OFF on input line 6072.
 (c:/Users/timothy.j.miller/AppData/Roaming/TinyTeX/texmf-dist/tex/latex/base/atbegshi-ltx.sty
Package: atbegshi-ltx 2021/01/10 v1.0c Emulation of the original atbegshi
package with kernel methods
)
\Hy@abspage=\count302
\c@Item=\count303
\c@Hfootnote=\count304
)
Package hyperref Info: Driver (autodetected): hpdftex.
 (c:/Users/timothy.j.miller/AppData/Roaming/TinyTeX/texmf-dist/tex/latex/hyperref/hpdftex.def
File: hpdftex.def 2025-05-20 v7.01m Hyperref driver for pdfTeX
\Fld@listcount=\count305
\c@bookmark@seq@number=\count306
 (c:/Users/timothy.j.miller/AppData/Roaming/TinyTeX/texmf-dist/tex/latex/rerunfilecheck/rerunfilecheck.sty
Package: rerunfilecheck 2022-07-10 v1.10 Rerun checks for auxiliary files (HO)
 (c:/Users/timothy.j.miller/AppData/Roaming/TinyTeX/texmf-dist/tex/latex/base/atveryend-ltx.sty
Package: atveryend-ltx 2020/08/19 v1.0a Emulation of the original atveryend package
with kernel methods
) (c:/Users/timothy.j.miller/AppData/Roaming/TinyTeX/texmf-dist/tex/generic/uniquecounter/uniquecounter.sty
Package: uniquecounter 2019/12/15 v1.4 Provide unlimited unique counter (HO)
)
Package uniquecounter Info: New unique counter `rerunfilecheck' on input line 285.
)
\Hy@SectionHShift=\skip54
) (c:/Users/timothy.j.miller/AppData/Roaming/TinyTeX/texmf-dist/tex/latex/bookmark/bkm-pdftex.def
File: bkm-pdftex.def 2023-12-10 v1.31 bookmark driver for pdfTeX and luaTeX (HO)
\BKM@id=\count307
)) (c:/Users/timothy.j.miller/AppData/Roaming/TinyTeX/texmf-dist/tex/latex/geometry/geometry.sty
Package: geometry 2020/01/02 v5.9 Page Geometry
 (c:/Users/timothy.j.miller/AppData/Roaming/TinyTeX/texmf-dist/tex/generic/iftex/ifvtex.sty
Package: ifvtex 2019/10/25 v1.7 ifvtex legacy package. Use iftex instead.
)
\Gm@cnth=\count308
\Gm@cntv=\count309
\c@Gm@tempcnt=\count310
\Gm@bindingoffset=\dimen162
\Gm@wd@mp=\dimen163
\Gm@odd@mp=\dimen164
\Gm@even@mp=\dimen165
\Gm@layoutwidth=\dimen166
\Gm@layoutheight=\dimen167
\Gm@layouthoffset=\dimen168
\Gm@layoutvoffset=\dimen169
\Gm@dimlist=\toks25
) (c:/Users/timothy.j.miller/AppData/Roaming/TinyTeX/texmf-dist/tex/latex/tools/longtable.sty
Package: longtable 2024-12-18 v4.23 Multi-page Table package (DPC)
\LTleft=\skip55
\LTright=\skip56
\LTpre=\skip57
\LTpost=\skip58
\LTchunksize=\count311
\LTcapwidth=\dimen170
\LT@head=\box55
\LT@firsthead=\box56
\LT@foot=\box57
\LT@lastfoot=\box58
\LT@gbox=\box59
\LT@cols=\count312
\LT@rows=\count313
\c@LT@tables=\count314
\c@LT@chunks=\count315
\LT@p@ftn=\toks26
) (c:/Users/timothy.j.miller/AppData/Roaming/TinyTeX/texmf-dist/tex/latex/booktabs/booktabs.sty
Package: booktabs 2020/01/12 v1.61803398 Publication quality tables
\heavyrulewidth=\dimen171
\lightrulewidth=\dimen172
\cmidrulewidth=\dimen173
\belowrulesep=\dimen174
\belowbottomsep=\dimen175
\aboverulesep=\dimen176
\abovetopsep=\dimen177
\cmidrulesep=\dimen178
\cmidrulekern=\dimen179
\defaultaddspace=\dimen180
\@cmidla=\count316
\@cmidlb=\count317
\@aboverulesep=\dimen181
\@belowrulesep=\dimen182
\@thisruleclass=\count318
\@lastruleclass=\count319
\@thisrulewidth=\dimen183
) (c:/Users/timothy.j.miller/AppData/Roaming/TinyTeX/texmf-dist/tex/latex/tools/array.sty
Package: array 2025/06/08 v2.6j Tabular extension package (FMi)
\col@sep=\dimen184
\ar@mcellbox=\box60
\extrarowheight=\dimen185
\NC@list=\toks27
\extratabsurround=\skip59
\backup@length=\skip60
\ar@cellbox=\box61
) (c:/Users/timothy.j.miller/AppData/Roaming/TinyTeX/texmf-dist/tex/latex/tools/calc.sty
Package: calc 2025/03/01 v4.3b Infix arithmetic (KKT,FJ)
\calc@Acount=\count320
\calc@Bcount=\count321
\calc@Adimen=\dimen186
\calc@Bdimen=\dimen187
\calc@Askip=\skip61
\calc@Bskip=\skip62
LaTeX Info: Redefining \setlength on input line 86.
LaTeX Info: Redefining \addtolength on input line 87.
\calc@Ccount=\count322
\calc@Cskip=\skip63
) (c:/Users/timothy.j.miller/AppData/Roaming/TinyTeX/texmf-dist/tex/latex/mdwtools/footnote.sty
Package: footnote 1997/01/28 1.13 Save footnotes around boxes
\fn@notes=\box62
\fn@width=\dimen188
) (c:/Users/timothy.j.miller/AppData/Roaming/TinyTeX/texmf-dist/tex/latex/graphics/graphicx.sty
Package: graphicx 2024/12/31 v1.2e Enhanced LaTeX Graphics (DPC,SPQR)
 (c:/Users/timothy.j.miller/AppData/Roaming/TinyTeX/texmf-dist/tex/latex/graphics/graphics.sty
Package: graphics 2024/08/06 v1.4g Standard LaTeX Graphics (DPC,SPQR)
 (c:/Users/timothy.j.miller/AppData/Roaming/TinyTeX/texmf-dist/tex/latex/graphics/trig.sty
Package: trig 2023/12/02 v1.11 sin cos tan (DPC)
) (c:/Users/timothy.j.miller/AppData/Roaming/TinyTeX/texmf-dist/tex/latex/graphics-cfg/graphics.cfg
File: graphics.cfg 2016/06/04 v1.11 sample graphics configuration
)
Package graphics Info: Driver file: pdftex.def on input line 106.
)
\Gin@req@height=\dimen189
\Gin@req@width=\dimen190
)
\cslhangindent=\skip64
\csllabelwidth=\skip65
\cslentryspacingunit=\skip66
 (c:/Users/timothy.j.miller/AppData/Roaming/TinyTeX/texmf-dist/tex/latex/setspace/setspace.sty
Package: setspace 2022/12/04 v6.7b set line spacing
) (c:/Users/timothy.j.miller/AppData/Roaming/TinyTeX/texmf-dist/tex/latex/lineno/lineno.sty
Package: lineno 2025/05/13 line numbers on paragraphs v5.5
\linenopenalty=\count323
\output=\toks28
\linenoprevgraf=\count324
\linenumbersep=\dimen191
\linenumberwidth=\dimen192
\c@linenumber=\count325
\c@pagewiselinenumber=\count326
\c@LN@truepage=\count327
\c@internallinenumber=\count328
\c@internallinenumbers=\count329
\quotelinenumbersep=\dimen193
\bframerule=\dimen194
\bframesep=\dimen195
\bframebox=\box63
\@LN@amsmath@ams@eqpen=\count330
) (c:/Users/timothy.j.miller/AppData/Roaming/TinyTeX/texmf-dist/tex/latex/caption/caption.sty
Package: caption 2023/08/05 v3.6o Customizing captions (AR)
 (c:/Users/timothy.j.miller/AppData/Roaming/TinyTeX/texmf-dist/tex/latex/caption/caption3.sty
Package: caption3 2023/07/31 v2.4d caption3 kernel (AR)
\caption@tempdima=\dimen196
\captionmargin=\dimen197
\caption@leftmargin=\dimen198
\caption@rightmargin=\dimen199
\caption@width=\dimen256
\caption@indent=\dimen257
\caption@parindent=\dimen258
\caption@hangindent=\dimen259
Package caption Info: Standard document class detected.
)
\c@caption@flags=\count331
\c@continuedfloat=\count332
Package caption Info: hyperref package is loaded.
Package caption Info: longtable package is loaded.
 (c:/Users/timothy.j.miller/AppData/Roaming/TinyTeX/texmf-dist/tex/latex/caption/ltcaption.sty
Package: ltcaption 2021/01/08 v1.4c longtable captions (AR)
)) (c:/Users/timothy.j.miller/AppData/Roaming/TinyTeX/texmf-dist/tex/latex/relsize/relsize.sty
Package: relsize 2013/03/29 ver 4.1
) (c:/Users/timothy.j.miller/AppData/Roaming/TinyTeX/texmf-dist/tex/latex/float/float.sty
Package: float 2001/11/08 v1.3d Float enhancements (AL)
\c@float@type=\count333
\float@exts=\toks29
\float@box=\box64
\@float@everytoks=\toks30
\@floatcapt=\box65
) (c:/Users/timothy.j.miller/AppData/Roaming/TinyTeX/texmf-dist/tex/latex/graphics/lscape.sty
Package: lscape 2020/05/28 v3.02 Landscape Pages (DPC)
) (c:/Users/timothy.j.miller/AppData/Roaming/TinyTeX/texmf-dist/tex/latex/graphics/rotating.sty
Package: rotating 2025/01/14 v2.16e rotated objects in LaTeX
 (c:/Users/timothy.j.miller/AppData/Roaming/TinyTeX/texmf-dist/tex/latex/base/ifthen.sty
Package: ifthen 2024/03/16 v1.1e Standard LaTeX ifthen package (DPC)
)
\c@r@tfl@t=\count334
\rotFPtop=\skip67
\rotFPbot=\skip68
\rot@float@box=\box66
\rot@mess@toks=\toks31
) (c:/Users/timothy.j.miller/AppData/Roaming/TinyTeX/texmf-dist/tex/latex/psfrag/psfrag.sty
Package: psfrag 1998/04/11 v3.04 PSfrag (MCG)
\pfg@pcount=\count335
\pfg@scount=\count336
\pfg@temp=\write3
) (c:/Users/timothy.j.miller/AppData/Roaming/TinyTeX/texmf-dist/tex/latex/tools/bm.sty
Package: bm 2023/12/19 v1.2f Bold Symbol Support (DPC/FMi)
\symboldoperators=\mathgroup6
\symboldletters=\mathgroup7
\symboldsymbols=\mathgroup8
Package bm Info: No bold for \OMX/lmex/m/n, using \pmb.
Package bm Info: No bold for \U/msa/m/n, using \pmb.
Package bm Info: No bold for \U/msb/m/n, using \pmb.
LaTeX Font Info:    Redeclaring math alphabet \mathbf on input line 149.
) (c:/Users/timothy.j.miller/AppData/Roaming/TinyTeX/texmf-dist/tex/latex/sectsty/sectsty.sty
Package: sectsty 2002/02/25 v2.0.2 Commands to change all sectional heading styles


LaTeX Warning: Command \underbar  has changed.
               Check if current package is valid.


LaTeX Warning: Command \underline  has changed.
               Check if current package is valid.

) (c:/Users/timothy.j.miller/AppData/Roaming/TinyTeX/texmf-dist/tex/latex/fancyhdr/fancyhdr.sty
Package: fancyhdr 2025/02/07 v5.2 Extensive control of page headers and footers
\f@nch@headwidth=\skip69
\f@nch@offset@elh=\skip70
\f@nch@offset@erh=\skip71
\f@nch@offset@olh=\skip72
\f@nch@offset@orh=\skip73
\f@nch@offset@elf=\skip74
\f@nch@offset@erf=\skip75
\f@nch@offset@olf=\skip76
\f@nch@offset@orf=\skip77
\f@nch@height=\skip78
\f@nch@footalignment=\skip79
\f@nch@widthL=\skip80
\f@nch@widthC=\skip81
\f@nch@widthR=\skip82
\@temptokenb=\toks32
) (c:/Users/timothy.j.miller/AppData/Roaming/TinyTeX/texmf-dist/tex/latex/tools/xspace.sty
Package: xspace 2014/10/28 v1.13 Space after command names (DPC,MH)
) (c:/Users/timothy.j.miller/AppData/Roaming/TinyTeX/texmf-dist/tex/latex/was/upgreek.sty
Package: upgreek 2003/02/12 v2.0 (WaS)
Package upgreek Info: Using Euler Roman for upright Greek on input line 31.
\symugrf@m=\mathgroup9
LaTeX Font Info:    Overwriting symbol font `ugrf@m' in version `bold'
(Font)                  U/eur/m/n --> U/eur/b/n on input line 38.
) (c:/Users/timothy.j.miller/AppData/Roaming/TinyTeX/texmf-dist/tex/latex/multirow/multirow.sty
Package: multirow 2024/11/12 v2.9 Span multiple rows of a table
\multirow@colwidth=\skip83
\multirow@cntb=\count337
\multirow@dima=\skip84
\bigstrutjot=\dimen260
) (c:/Users/timothy.j.miller/AppData/Roaming/TinyTeX/texmf-dist/tex/latex/wrapfig/wrapfig.sty
\wrapoverhang=\dimen261
\WF@size=\dimen262
\c@WF@wrappedlines=\count338
\WF@box=\box67
\WF@everypar=\toks33
Package: wrapfig 2003/01/31  v 3.6
) (c:/Users/timothy.j.miller/AppData/Roaming/TinyTeX/texmf-dist/tex/latex/colortbl/colortbl.sty
Package: colortbl 2024/10/29 v1.0k Color table columns (DPC)
\everycr=\toks34
\minrowclearance=\skip85
\rownum=\count339
) (c:/Users/timothy.j.miller/AppData/Roaming/TinyTeX/texmf-dist/tex/latex/pdflscape/pdflscape.sty
Package: pdflscape 2022-10-27 v0.13 Display of landscape pages in PDF
 (c:/Users/timothy.j.miller/AppData/Roaming/TinyTeX/texmf-dist/tex/latex/pdflscape/pdflscape-nometadata.sty
Package: pdflscape-nometadata 2022-10-28 v0.13 Display of landscape pages in PDF (HO)
Package pdflscape Info: Auto-detected driver: pdftex on input line 81.
)) (c:/Users/timothy.j.miller/AppData/Roaming/TinyTeX/texmf-dist/tex/latex/tabu/tabu.sty
Package: tabu 2019/01/11 v2.9 - flexible LaTeX tabulars (FC+tabu-fixed)
 (c:/Users/timothy.j.miller/AppData/Roaming/TinyTeX/texmf-dist/tex/latex/varwidth/varwidth.sty
Package: varwidth 2009/03/30 ver 0.92;  Variable-width minipages
\@vwid@box=\box68
\sift@deathcycles=\count340
\@vwid@loff=\dimen263
\@vwid@roff=\dimen264
)
==> First Aid for varwidth.sty applied!
\c@taburow=\count341
\tabu@nbcols=\count342
\tabu@cnt=\count343
\tabu@Xcol=\count344
\tabu@alloc=\count345
\tabu@nested=\count346
\tabu@target=\dimen265
\tabu@spreadtarget=\dimen266
\tabu@naturalX=\dimen267
\tabucolX=\dimen268
\tabu@Xsum=\dimen269
\extrarowdepth=\dimen270
\abovetabulinesep=\dimen271
\belowtabulinesep=\dimen272
\tabustrutrule=\dimen273
\tabu@thebody=\toks35
\tabu@footnotes=\toks36
\tabu@box=\box69
\tabu@arstrutbox=\box70
\tabu@hleads=\box71
\tabu@vleads=\box72
\tabu@cellskip=\skip86
) (c:/Users/timothy.j.miller/AppData/Roaming/TinyTeX/texmf-dist/tex/latex/threeparttable/threeparttable.sty
Package: threeparttable 2003/06/13  v 3.0
\@tempboxb=\box73
) (c:/Users/timothy.j.miller/AppData/Roaming/TinyTeX/texmf-dist/tex/latex/threeparttablex/threeparttablex.sty
Package: threeparttablex 2013/07/23 v0.3 by daleif
 (c:/Users/timothy.j.miller/AppData/Roaming/TinyTeX/texmf-dist/tex/latex/environ/environ.sty
Package: environ 2014/05/04 v0.3 A new way to define environments
 (c:/Users/timothy.j.miller/AppData/Roaming/TinyTeX/texmf-dist/tex/latex/trimspaces/trimspaces.sty
Package: trimspaces 2009/09/17 v1.1 Trim spaces around a token list
))
\TPTL@width=\skip87
) (c:/Users/timothy.j.miller/AppData/Roaming/TinyTeX/texmf-dist/tex/generic/ulem/ulem.sty
\UL@box=\box74
\UL@hyphenbox=\box75
\UL@skip=\skip88
\UL@hook=\toks37
\UL@height=\dimen274
\UL@pe=\count347
\UL@pixel=\dimen275
\ULC@box=\box76
Package: ulem 2019/11/18
\ULdepth=\dimen276
) (c:/Users/timothy.j.miller/AppData/Roaming/TinyTeX/texmf-dist/tex/latex/makecell/makecell.sty
Package: makecell 2009/08/03 V0.1e Managing of Tab Column Heads and Cells
\rotheadsize=\dimen277
\c@nlinenum=\count348
\TeXr@lab=\toks38
) (c:/Users/timothy.j.miller/AppData/Roaming/TinyTeX/texmf-dist/tex/latex/oberdiek/settobox.sty
Package: settobox 2016/05/16 v1.5 Assign box dimensions to length registers (HO)
) (c:/Users/timothy.j.miller/AppData/Roaming/TinyTeX/texmf-dist/tex/latex/letltxmacro/letltxmacro.sty
Package: letltxmacro 2019/12/03 v1.6 Let assignment for LaTeX macros (HO)
)
\DIFdelgraphicsbox=\box77
\DIFdelgraphicswidth=\skip89
\DIFdelgraphicsheight=\skip90
LaTeX Info: Redefining \DIFaddbegin on input line 202.
LaTeX Info: Redefining \DIFaddend on input line 203.
LaTeX Info: Redefining \DIFdelbegin on input line 204.
LaTeX Info: Redefining \DIFdelend on input line 205.
LaTeX Info: Redefining \DIFaddbeginFL on input line 210.
LaTeX Info: Redefining \DIFaddendFL on input line 211.
LaTeX Info: Redefining \DIFdelbeginFL on input line 212.
LaTeX Info: Redefining \DIFdelendFL on input line 213.
 (c:/Users/timothy.j.miller/AppData/Roaming/TinyTeX/texmf-dist/tex/latex/l3backend/l3backend-pdftex.def
File: l3backend-pdftex.def 2025-04-14 L3 backend support: PDF output (pdfTeX)
\l__color_backend_stack_int=\count349
) (./paper_R2_marked.aux)
\openout1 = `paper_R2_marked.aux'.

LaTeX Font Info:    Checking defaults for OML/cmm/m/it on input line 221.
LaTeX Font Info:    ... okay on input line 221.
LaTeX Font Info:    Checking defaults for OMS/cmsy/m/n on input line 221.
LaTeX Font Info:    ... okay on input line 221.
LaTeX Font Info:    Checking defaults for OT1/cmr/m/n on input line 221.
LaTeX Font Info:    ... okay on input line 221.
LaTeX Font Info:    Checking defaults for T1/cmr/m/n on input line 221.
LaTeX Font Info:    ... okay on input line 221.
LaTeX Font Info:    Checking defaults for TS1/cmr/m/n on input line 221.
LaTeX Font Info:    ... okay on input line 221.
LaTeX Font Info:    Checking defaults for OMX/cmex/m/n on input line 221.
LaTeX Font Info:    ... okay on input line 221.
LaTeX Font Info:    Checking defaults for U/cmr/m/n on input line 221.
LaTeX Font Info:    ... okay on input line 221.
LaTeX Font Info:    Checking defaults for PD1/pdf/m/n on input line 221.
LaTeX Font Info:    ... okay on input line 221.
LaTeX Font Info:    Checking defaults for PU/pdf/m/n on input line 221.
LaTeX Font Info:    ... okay on input line 221.
 (c:/Users/timothy.j.miller/AppData/Roaming/TinyTeX/texmf-dist/tex/latex/epstopdf-pkg/epstopdf-base.sty
Package: epstopdf-base 2020-01-24 v2.11 Base part for package epstopdf
Package epstopdf-base Info: Redefining graphics rule for `.eps' on input line 485.
 (c:/Users/timothy.j.miller/AppData/Roaming/TinyTeX/texmf-dist/tex/latex/latexconfig/epstopdf-sys.cfg
File: epstopdf-sys.cfg 2010/07/13 v1.3 Configuration of (r)epstopdf for TeX Live
))
Package hyperref Info: Link coloring OFF on input line 221.

*geometry* driver: auto-detecting
*geometry* detected driver: pdftex
*geometry* verbose mode - [ preamble ] result:
* driver: pdftex
* paper: <default>
* layout: <same size as paper>
* layoutoffset:(h,v)=(0.0pt,0.0pt)
* modes: 
* h-part:(L,W,R)=(72.26999pt, 469.75502pt, 72.26999pt)
* v-part:(T,H,B)=(72.26999pt, 650.43001pt, 72.26999pt)
* \paperwidth=614.295pt
* \paperheight=794.96999pt
* \textwidth=469.75502pt
* \textheight=650.43001pt
* \oddsidemargin=0.0pt
* \evensidemargin=0.0pt
* \topmargin=-37.0pt
* \headheight=12.0pt
* \headsep=25.0pt
* \topskip=10.0pt
* \footskip=30.0pt
* \marginparwidth=65.0pt
* \marginparsep=11.0pt
* \columnsep=10.0pt
* \skip\footins=9.0pt plus 4.0pt minus 2.0pt
* \hoffset=0.0pt
* \voffset=0.0pt
* \mag=1000
* \@twocolumnfalse
* \@twosidefalse
* \@mparswitchfalse
* \@reversemarginfalse
* (1in=72.27pt=25.4mm, 1cm=28.453pt)

Package caption Info: Begin \AtBeginDocument code.
Package caption Info: float package is loaded.
Package caption Info: rotating package is loaded.
Package caption Info: threeparttable package is loaded.
Package caption Info: wrapfig package is loaded.
Package caption Info: End \AtBeginDocument code.
LaTeX Font Info:    Trying to load font information for T1+lmss on input line 223.
(c:/Users/timothy.j.miller/AppData/Roaming/TinyTeX/texmf-dist/tex/latex/lm/t1lmss.fd
File: t1lmss.fd 2015/05/01 v1.6.1 Font defs for Latin Modern
)
LaTeX Font Info:    Trying to load font information for OT1+lmr on input line 223.
 (c:/Users/timothy.j.miller/AppData/Roaming/TinyTeX/texmf-dist/tex/latex/lm/ot1lmr.fd
File: ot1lmr.fd 2015/05/01 v1.6.1 Font defs for Latin Modern
)
LaTeX Font Info:    Trying to load font information for OML+lmm on input line 223.
 (c:/Users/timothy.j.miller/AppData/Roaming/TinyTeX/texmf-dist/tex/latex/lm/omllmm.fd
File: omllmm.fd 2015/05/01 v1.6.1 Font defs for Latin Modern
)
LaTeX Font Info:    Trying to load font information for OMS+lmsy on input line 223.
 (c:/Users/timothy.j.miller/AppData/Roaming/TinyTeX/texmf-dist/tex/latex/lm/omslmsy.fd
File: omslmsy.fd 2015/05/01 v1.6.1 Font defs for Latin Modern
)
LaTeX Font Info:    Trying to load font information for OMX+lmex on input line 223.
 (c:/Users/timothy.j.miller/AppData/Roaming/TinyTeX/texmf-dist/tex/latex/lm/omxlmex.fd
File: omxlmex.fd 2015/05/01 v1.6.1 Font defs for Latin Modern
)
LaTeX Font Info:    External font `lmex10' loaded for size
(Font)              <12> on input line 223.
LaTeX Font Info:    External font `lmex10' loaded for size
(Font)              <8> on input line 223.
LaTeX Font Info:    External font `lmex10' loaded for size
(Font)              <6> on input line 223.
LaTeX Font Info:    Trying to load font information for U+msa on input line 223.
 (c:/Users/timothy.j.miller/AppData/Roaming/TinyTeX/texmf-dist/tex/latex/amsfonts/umsa.fd
File: umsa.fd 2013/01/14 v3.01 AMS symbols A
)
LaTeX Font Info:    Trying to load font information for U+msb on input line 223.
 (c:/Users/timothy.j.miller/AppData/Roaming/TinyTeX/texmf-dist/tex/latex/amsfonts/umsb.fd
File: umsb.fd 2013/01/14 v3.01 AMS symbols B
)
LaTeX Font Info:    External font `lmex10' loaded for size
(Font)              <10> on input line 224.
LaTeX Font Info:    External font `lmex10' loaded for size
(Font)              <7> on input line 224.
LaTeX Font Info:    External font `lmex10' loaded for size
(Font)              <5> on input line 224.

Underfull \hbox (badness 10000) in paragraph at lines 224--225

 []



[1
Non-PDF special ignored!
<special> header=psfrag.pro

{c:/Users/timothy.j.miller/AppData/Roaming/TinyTeX/texmf-var/fonts/map/pdftex/updmap/pdftex.map}{c:/Users/timothy.j.miller/AppData/Roaming/TinyTeX/texmf-dist/fonts/enc/dvips/lm/lm-ec.enc}{c:/Users/timothy.j.miller/AppData/Roaming/TinyTeX/texmf-dist/fonts/enc/dvips/lm/lm-rm.enc}]

[2]

[3]

[4]

[5{c:/Users/timothy.j.miller/AppData/Roaming/TinyTeX/texmf-dist/fonts/enc/dvips/lm/lm-mathit.enc}{c:/Users/timothy.j.miller/AppData/Roaming/TinyTeX/texmf-dist/fonts/enc/dvips/lm/lm-mathex.enc}]
Overfull \hbox (69.14696pt too wide) in paragraph at lines 310--312
\T1/lmr/m/n/10 where $\OML/lmm/m/it/10 S[] \OT1/lmr/m/n/10 = \OML/lmm/m/it/10 e[]$\T1/lmr/m/n/10 , $\OT1/lmr/bx/n/10 H[]$ \T1/lmr/m/n/10 is a 1 x $\OML/lmm/m/it/10 n[]$ \T1/lmr/m/n/10 ma-trix with el-e-ments for each fleet $\OML/lmm/m/it/10 f$\T1/lmr/m/n/10 : []|   [][][]|   [][],
 []



[6{c:/Users/timothy.j.miller/AppData/Roaming/TinyTeX/texmf-dist/fonts/enc/dvips/lm/lm-mathsy.enc}]

[7]

[8]
Underfull \hbox (badness 10000) in paragraph at lines 371--373

 []



[9]

[10]

[11]

[12]

[13]

[14]

[15]

[16]

[17]

[18]

[19]

[20]

[21]
Underfull \hbox (badness 1845) in paragraph at lines 670--671
\T1/lmr/m/n/10 We used a de-vel-op-ment ver-sion ([]com-mit 53e236b[]) of the WHAM pack-age af-ter the re-lease of
 []


Underfull \hbox (badness 1127) in paragraph at lines 670--671
\T1/lmr/m/n/10 ver-sion 2.0 for all re-sults. All code for fit-ting mod-els and gen-er-at-ing re-sults can be found at
 []

LaTeX Font Info:    Trying to load font information for T1+lmtt on input line 675.
(c:/Users/timothy.j.miller/AppData/Roaming/TinyTeX/texmf-dist/tex/latex/lm/t1lmtt.fd
File: t1lmtt.fd 2015/05/01 v1.6.1 Font defs for Latin Modern
)

[22]

[23]

[24]

[25]

[26]

[27]

[28]

[29]

[30]

[31]
Overfull \hbox (140.03125pt too wide) in paragraph at lines 793--795
[]\T1/lmr/m/n/10 ASMFC. 2016. Black sea bass stock as-sess-ment. Avail-able at http://www.asmfc.org/uploads/file/5953f11d2016BlackSeaBassStockAssmt.pdf. 
 []



[32]

[33]
! Extra }, or forgotten \endgroup.
l.874 \DIFdelbegin\leavevmode\vadjust pre{}{}}
                                              %
I've deleted a group-closing symbol because it seems to be
spurious, as in `$x}$'. But perhaps the } is legitimate and
you forgot something else, as in `\hbox{$x}'. In such cases
the way to recover is to insert both the forgotten and the
deleted material, e.g., by typing `I$}'.


Underfull \hbox (badness 2384) in paragraph at lines 874--876
|   []   |   []   |   []   |   []   |   []   |   []   |   []   |   []   |   []   |   []
 []



[34]
Overfull \hbox (4.08829pt too wide) in paragraph at lines 895--897
|   []   |   []   |   []   |   []   |   []   |   []   |   []   |   []   [][]|   [][][]|   []   |   []   |   [][][][]|   [][][][]|   [][] 
 []


Overfull \hbox (38.70732pt too wide) in paragraph at lines 901--903
[] []|   []   |   []   |   []   |   []   |   []   |   []   |   []   |   []   |   []   |   []   |   []   |   []   |   [][] 
 []


Overfull \hbox (52.07675pt too wide) in paragraph at lines 916--918
\T1/lmr/m/n/10 https://s3.us-east-1.amazonaws.com/nefmc.org/14b_EGB_Research_Track_Haddock_WG_Report_DRAFT.pdf. 
 []


Overfull \hbox (0.41371pt too wide) in paragraph at lines 922--924
\T1/lmr/m/n/10 group. Avail-able at https://www.mafmc.org/s/a_2023_BSB_UNIT_RTWG_Report_V2_12_2_2023-
 []


Overfull \hbox (124.89279pt too wide) in paragraph at lines 928--930
[]\T1/lmr/m/n/10 NEFSC. 2024b. The yel-low-tail floun-der re-search track as-sess-ment re-port. Avail-able at https://www.fisheries.noaa.gov/inport/item/26539.
 []



[35]

[36]

[37]
<map.pdf, id=464, 505.89pt x 505.89pt>
File: map.pdf Graphic file (type pdf)
<use map.pdf>
Package pdftex.def Info: map.pdf  used on input line 987.
(pdftex.def)             Requested size: 469.76265pt x 469.76265pt.


[38 <./map.pdf>]
<bsb_movement_diagram.pdf, id=485, 963.6pt x 361.35pt>
File: bsb_movement_diagram.pdf Graphic file (type pdf)
<use bsb_movement_diagram.pdf>
Package pdftex.def Info: bsb_movement_diagram.pdf  used on input line 997.
(pdftex.def)             Requested size: 375.80249pt x 140.92593pt.


[39 <./bsb_movement_diagram.pdf>]
<move_prior_post.pdf, id=498, 505.89pt x 794.97pt>
File: move_prior_post.pdf Graphic file (type pdf)
<use move_prior_post.pdf>
Package pdftex.def Info: move_prior_post.pdf  used on input line 1007.
(pdftex.def)             Requested size: 413.9216pt x 650.44826pt.


LaTeX Warning: Float too large for page by 36.01825pt on input line 1012.

<E_R_SSB_F_fig.pdf, id=499, 1445.4pt x 1156.32pt>
File: E_R_SSB_F_fig.pdf Graphic file (type pdf)
<use E_R_SSB_F_fig.pdf>
Package pdftex.def Info: E_R_SSB_F_fig.pdf  used on input line 1017.
(pdftex.def)             Requested size: 469.74944pt x 375.79955pt.
<selectivity_re_plot.pdf, id=500, 1156.32pt x 867.24pt>
File: selectivity_re_plot.pdf Graphic file (type pdf)
<use selectivity_re_plot.pdf>
Package pdftex.def Info: selectivity_re_plot.pdf  used on input line 1027.
(pdftex.def)             Requested size: 469.75385pt x 352.31538pt.
<brp_status_results.pdf, id=501, 1084.05pt x 1445.4pt>
File: brp_status_results.pdf Graphic file (type pdf)
<use brp_status_results.pdf>
Package pdftex.def Info: brp_status_results.pdf  used on input line 1037.
(pdftex.def)             Requested size: 414.65605pt x 552.87474pt.
<proj_ecov_Recruit_results.pdf, id=502, 1445.4pt x 1445.4pt>
File: proj_ecov_Recruit_results.pdf Graphic file (type pdf)
<use proj_ecov_Recruit_results.pdf>
Package pdftex.def Info: proj_ecov_Recruit_results.pdf  used on input line 1046.
(pdftex.def)             Requested size: 469.74944pt x 469.74944pt.
<proj_F_SSB.pdf, id=503, 1445.4pt x 1445.4pt>
File: proj_F_SSB.pdf Graphic file (type pdf)
<use proj_F_SSB.pdf>
Package pdftex.def Info: proj_F_SSB.pdf  used on input line 1055.
(pdftex.def)             Requested size: 469.74944pt x 469.74944pt.


[40 <./move_prior_post.pdf>]

[41 <./E_R_SSB_F_fig.pdf>]

[42 <./selectivity_re_plot.pdf>]

[43 <./brp_status_results.pdf>]

[44 <./proj_ecov_Recruit_results.pdf>]

[45 <./proj_F_SSB.pdf>]
<proj_brps.pdf, id=635, 1734.48pt x 1156.32pt>
File: proj_brps.pdf Graphic file (type pdf)
<use proj_brps.pdf>
Package pdftex.def Info: proj_brps.pdf  used on input line 1066.
(pdftex.def)             Requested size: 650.4284pt x 433.61894pt.


LaTeX Warning: Float too large for page by 11.86392pt on input line 1071.



[46 <./proj_brps.pdf>]

[47



]

[48]

[49]
Overfull \hbox (24.00471pt too wide) in alignment at lines 1206--1208
 [] [] 
 []


Overfull \hbox (24.00471pt too wide) in alignment at lines 1208--1210
 [] [] 
 []


Overfull \hbox (24.00471pt too wide) in alignment at lines 1210--1211
 [] [] 
 []


Overfull \hbox (24.00471pt too wide) in alignment at lines 1211--1346
 [] [] 
 []

[50

] [51] [52] [53] [54] [55]

[56]

[57]

[58]

[59]

Package hyperref Warning: Token not allowed in a PDF string (Unicode):
(hyperref)                removing `math shift' on input line 1475.


Package hyperref Warning: Token not allowed in a PDF string (Unicode):
(hyperref)                removing `subscript' on input line 1475.



[60]

Package hyperref Warning: Token not allowed in a PDF string (Unicode):
(hyperref)                removing `math shift' on input line 1483.


Package hyperref Warning: Token not allowed in a PDF string (Unicode):
(hyperref)                removing `subscript' on input line 1483.


Package hyperref Warning: Token not allowed in a PDF string (Unicode):
(hyperref)                removing `math shift' on input line 1489.


Package hyperref Warning: Token not allowed in a PDF string (Unicode):
(hyperref)                removing `subscript' on input line 1489.



[61]

[62]
<fit_0_jitter_plt.pdf, id=767, 505.89pt x 505.89pt>
File: fit_0_jitter_plt.pdf Graphic file (type pdf)
<use fit_0_jitter_plt.pdf>
Package pdftex.def Info: fit_0_jitter_plt.pdf  used on input line 1555.
(pdftex.def)             Requested size: 469.76265pt x 469.76265pt.
<fit_1_jitter_plt.pdf, id=768, 505.89pt x 505.89pt>
File: fit_1_jitter_plt.pdf Graphic file (type pdf)
<use fit_1_jitter_plt.pdf>
Package pdftex.def Info: fit_1_jitter_plt.pdf  used on input line 1565.
(pdftex.def)             Requested size: 469.76265pt x 469.76265pt.
<self_test_results.pdf, id=769, 867.24pt x 1156.32pt>
File: self_test_results.pdf Graphic file (type pdf)
<use self_test_results.pdf>
Package pdftex.def Info: self_test_results.pdf  used on input line 1575.
(pdftex.def)             Requested size: 469.75827pt x 626.34435pt.


LaTeX Warning: Float too large for page by 35.91434pt on input line 1580.



[63]

[64 <./fit_0_jitter_plt.pdf>]

[65 <./fit_1_jitter_plt.pdf>]

[66 <./self_test_results.pdf>]
<BTA_full_fig.pdf, id=823, 1445.4pt x 722.7pt>
File: BTA_full_fig.pdf Graphic file (type pdf)
<use BTA_full_fig.pdf>
Package pdftex.def Info: BTA_full_fig.pdf  used on input line 1586.
(pdftex.def)             Requested size: 650.424pt x 325.21199pt.


[67



 <./BTA_full_fig.pdf>]
<best_R_Ecov.pdf, id=837, 1011.78pt x 867.24pt>
File: best_R_Ecov.pdf Graphic file (type pdf)
<use best_R_Ecov.pdf>
Package pdftex.def Info: best_R_Ecov.pdf  used on input line 1598.
(pdftex.def)             Requested size: 469.76266pt x 402.65372pt.


[68

 <./best_R_Ecov.pdf>]
<SSB_F_R_rel_M1.pdf, id=852, 867.24pt x 1156.32pt>
File: SSB_F_R_rel_M1.pdf Graphic file (type pdf)
<use SSB_F_R_rel_M1.pdf>
Package pdftex.def Info: SSB_F_R_rel_M1.pdf  used on input line 1608.
(pdftex.def)             Requested size: 463.41966pt x 617.89287pt.
<Ecov_M1_rel_M0.pdf, id=853, 722.7pt x 722.7pt>
File: Ecov_M1_rel_M0.pdf Graphic file (type pdf)
<use Ecov_M1_rel_M0.pdf>
Package pdftex.def Info: Ecov_M1_rel_M0.pdf  used on input line 1617.
(pdftex.def)             Requested size: 469.76045pt x 469.76045pt.
<selectivity_south_plot.pdf, id=854, 1156.32pt x 867.24pt>
File: selectivity_south_plot.pdf Graphic file (type pdf)
<use selectivity_south_plot.pdf>
Package pdftex.def Info: selectivity_south_plot.pdf  used on input line 1626.
(pdftex.def)             Requested size: 469.75385pt x 352.31538pt.


[69 <./SSB_F_R_rel_M1.pdf>]

[70 <./Ecov_M1_rel_M0.pdf>]

[71 <./selectivity_south_plot.pdf>]
<R_SSB_F_cv_results.pdf, id=913, 1445.4pt x 1084.05pt>
File: R_SSB_F_cv_results.pdf Graphic file (type pdf)
<use R_SSB_F_cv_results.pdf>
Package pdftex.def Info: R_SSB_F_cv_results.pdf  used on input line 1638.
(pdftex.def)             Requested size: 563.70374pt x 422.7778pt.


[72 <./R_SSB_F_cv_results.pdf>]
<proj_F40_CV.pdf, id=932, 1445.4pt x 1445.4pt>
File: proj_F40_CV.pdf Graphic file (type pdf)
<use proj_F40_CV.pdf>
Package pdftex.def Info: proj_F40_CV.pdf  used on input line 1648.
(pdftex.def)             Requested size: 469.74944pt x 469.74944pt.
<proj_SSB40_CV.pdf, id=933, 1445.4pt x 1445.4pt>
File: proj_SSB40_CV.pdf Graphic file (type pdf)
<use proj_SSB40_CV.pdf>
Package pdftex.def Info: proj_SSB40_CV.pdf  used on input line 1657.
(pdftex.def)             Requested size: 469.74944pt x 469.74944pt.
<proj_F_status_results.pdf, id=934, 1445.4pt x 1445.4pt>
File: proj_F_status_results.pdf Graphic file (type pdf)
<use proj_F_status_results.pdf>
Package pdftex.def Info: proj_F_status_results.pdf  used on input line 1666.
(pdftex.def)             Requested size: 469.74944pt x 469.74944pt.
<proj_SSB_status_results.pdf, id=935, 1445.4pt x 1445.4pt>
File: proj_SSB_status_results.pdf Graphic file (type pdf)
<use proj_SSB_status_results.pdf>
Package pdftex.def Info: proj_SSB_status_results.pdf  used on input line 1674.
(pdftex.def)             Requested size: 469.74944pt x 469.74944pt.
<proj_F_status_CV.pdf, id=936, 1445.4pt x 1445.4pt>
File: proj_F_status_CV.pdf Graphic file (type pdf)
<use proj_F_status_CV.pdf>
Package pdftex.def Info: proj_F_status_CV.pdf  used on input line 1683.
(pdftex.def)             Requested size: 469.74944pt x 469.74944pt.
<proj_SSB_status_CV.pdf, id=937, 1445.4pt x 1445.4pt>
File: proj_SSB_status_CV.pdf Graphic file (type pdf)
<use proj_SSB_status_CV.pdf>
Package pdftex.def Info: proj_SSB_status_CV.pdf  used on input line 1692.
(pdftex.def)             Requested size: 469.74944pt x 469.74944pt.


[73 <./proj_F40_CV.pdf>]

[74 <./proj_SSB40_CV.pdf>]

[75 <./proj_F_status_results.pdf>]

[76 <./proj_SSB_status_results.pdf>]

[77 <./proj_F_status_CV.pdf>]

[78 <./proj_SSB_status_CV.pdf>]
<SSB_F_sensitivity_plots.pdf, id=1037, 1445.4pt x 963.6pt>
File: SSB_F_sensitivity_plots.pdf Graphic file (type pdf)
<use SSB_F_sensitivity_plots.pdf>
Package pdftex.def Info: SSB_F_sensitivity_plots.pdf  used on input line 1703.
(pdftex.def)             Requested size: 650.424pt x 433.616pt.


[79 <./SSB_F_sensitivity_plots.pdf>] (./paper_R2_marked.aux)
 ***********
LaTeX2e <2025-06-01> patch level 1
L3 programming layer <2025-05-26>
 ***********
 ) 
Here is how much of TeX's memory you used:
 16383 strings out of 469866
 268192 string characters out of 5481716
 747097 words of memory out of 5000000
 44087 multiletter control sequences out of 15000+600000
 711823 words of font info for 109 fonts, out of 8000000 for 9000
 14 hyphenation exceptions out of 8191
 89i,12n,93p,2595b,625s stack positions out of 10000i,1000n,20000p,200000b,200000s
<c:/Users/timothy.j.miller/AppData/Roaming/TinyTeX/texmf-dist/fonts/type1/public/amsfonts/euler/eurm10.pfb><c:/Users/timothy.j.miller/AppData/Roaming/TinyTeX/texmf-dist/fonts/type1/public/amsfonts/latxfont/lasy6.pfb><c:/Users/timothy.j.miller/AppData/Roaming/TinyTeX/texmf-dist/fonts/type1/public/lm/lmbx10.pfb><c:/Users/timothy.j.miller/AppData/Roaming/TinyTeX/texmf-dist/fonts/type1/public/lm/lmbx12.pfb><c:/Users/timothy.j.miller/AppData/Roaming/TinyTeX/texmf-dist/fonts/type1/public/lm/lmbx7.pfb><c:/Users/timothy.j.miller/AppData/Roaming/TinyTeX/texmf-dist/fonts/type1/public/lm/lmex10.pfb><c:/Users/timothy.j.miller/AppData/Roaming/TinyTeX/texmf-dist/fonts/type1/public/lm/lmmi10.pfb><c:/Users/timothy.j.miller/AppData/Roaming/TinyTeX/texmf-dist/fonts/type1/public/lm/lmmi5.pfb><c:/Users/timothy.j.miller/AppData/Roaming/TinyTeX/texmf-dist/fonts/type1/public/lm/lmmi7.pfb><c:/Users/timothy.j.miller/AppData/Roaming/TinyTeX/texmf-dist/fonts/type1/public/lm/lmmib10.pfb><c:/Users/timothy.j.miller/AppData/Roaming/TinyTeX/texmf-dist/fonts/type1/public/lm/lmr10.pfb><c:/Users/timothy.j.miller/AppData/Roaming/TinyTeX/texmf-dist/fonts/type1/public/lm/lmr12.pfb><c:/Users/timothy.j.miller/AppData/Roaming/TinyTeX/texmf-dist/fonts/type1/public/lm/lmr17.pfb><c:/Users/timothy.j.miller/AppData/Roaming/TinyTeX/texmf-dist/fonts/type1/public/lm/lmr5.pfb><c:/Users/timothy.j.miller/AppData/Roaming/TinyTeX/texmf-dist/fonts/type1/public/lm/lmr7.pfb><c:/Users/timothy.j.miller/AppData/Roaming/TinyTeX/texmf-dist/fonts/type1/public/lm/lmr8.pfb><c:/Users/timothy.j.miller/AppData/Roaming/TinyTeX/texmf-dist/fonts/type1/public/lm/lmri10.pfb><c:/Users/timothy.j.miller/AppData/Roaming/TinyTeX/texmf-dist/fonts/type1/public/lm/lmss8.pfb><c:/Users/timothy.j.miller/AppData/Roaming/TinyTeX/texmf-dist/fonts/type1/public/lm/lmsy10.pfb><c:/Users/timothy.j.miller/AppData/Roaming/TinyTeX/texmf-dist/fonts/type1/public/lm/lmsy5.pfb><c:/Users/timothy.j.miller/AppData/Roaming/TinyTeX/texmf-dist/fonts/type1/public/lm/lmsy7.pfb><c:/Users/timothy.j.miller/AppData/Roaming/TinyTeX/texmf-dist/fonts/type1/public/lm/lmtt10.pfb>
Output written on paper_R2_marked.pdf (79 pages, 1860153 bytes).
PDF statistics:
 1376 PDF objects out of 1440 (max. 8388607)
 1110 compressed objects within 12 object streams
 282 named destinations out of 1000 (max. 500000)
 510 words of extra memory for PDF output out of 10000 (max. 10000000)

